<?xml version="1.0" encoding="UTF-8" ?>
<testsuite errors="0" failures="0" hostname="shrubbery" name="org.k1s.orn.templates.LogoGenerationTest" tests="3" time="1.609" timestamp="2012-04-21T17:06:51">
  <properties>
    <property name="java.vendor" value="Sun Microsystems Inc." />
    <property name="sun.java.launcher" value="SUN_STANDARD" />
    <property name="temp.folder" value="/home/kent/ws-ePNK/OntologyReastrictedNets/temp.folder" />
    <property name="javacSource" value="1.3" />
    <property name="sun.management.compiler" value="HotSpot 64-Bit Server Compiler" />
    <property name="os.name" value="Linux" />
    <property name="compilerArg" value="" />
    <property name="sun.boot.class.path" value="/usr/java/jdk1.6.0_21/jre/lib/resources.jar:/usr/java/jdk1.6.0_21/jre/lib/rt.jar:/usr/java/jdk1.6.0_21/jre/lib/sunrsasign.jar:/usr/java/jdk1.6.0_21/jre/lib/jsse.jar:/usr/java/jdk1.6.0_21/jre/lib/jce.jar:/usr/java/jdk1.6.0_21/jre/lib/charsets.jar:/usr/java/jdk1.6.0_21/jre/classes" />
    <property name="sun.desktop" value="gnome" />
    <property name="java.vm.specification.vendor" value="Sun Microsystems Inc." />
    <property name="ant.home" value="/usr/share/ant" />
    <property name="java.runtime.version" value="1.6.0_21-b06" />
    <property name="ant.file.OntologyReastrictedNets" value="/home/kent/ws-ePNK/OntologyReastrictedNets/build.xml" />
    <property name="compilation.prereq.log" value="${buildDirectory}/prereqErrors.log" />
    <property name="user.name" value="kent" />
    <property name="baseos" value="${os}" />
    <property name="user.language" value="en" />
    <property name="sun.boot.library.path" value="/usr/java/jdk1.6.0_21/jre/lib/amd64" />
    <property name="javacFailOnError" value="false" />
    <property name="ant.project.default-target" value="build.jars" />
    <property name="ant.project.name" value="OntologyReastrictedNets" />
    <property name="java.version" value="1.6.0_21" />
    <property name="user.timezone" value="" />
    <property name="sun.arch.data.model" value="64" />
    <property name="compilation.problem.marker" value="/home/kent/ws-ePNK/OntologyReastrictedNets/compilation.problem" />
    <property name="java.endorsed.dirs" value="/usr/java/jdk1.6.0_21/jre/lib/endorsed" />
    <property name="sun.cpu.isalist" value="" />
    <property name="sun.jnu.encoding" value="UTF-8" />
    <property name="file.encoding.pkg" value="sun.io" />
    <property name="bundleBootClasspath" value="/usr/java/jdk1.6.0_21/jre/lib/alt-rt.jar:/usr/java/jdk1.6.0_21/jre/lib/charsets.jar:/usr/java/jdk1.6.0_21/jre/lib/deploy.jar:/usr/java/jdk1.6.0_21/jre/lib/javaws.jar:/usr/java/jdk1.6.0_21/jre/lib/jce.jar:/usr/java/jdk1.6.0_21/jre/lib/jsse.jar:/usr/java/jdk1.6.0_21/jre/lib/management-agent.jar:/usr/java/jdk1.6.0_21/jre/lib/plugin.jar:/usr/java/jdk1.6.0_21/jre/lib/resources.jar:/usr/java/jdk1.6.0_21/jre/lib/rt.jar" />
    <property name="file.separator" value="/" />
    <property name="java.specification.name" value="Java Platform API Specification" />
    <property name="java.class.version" value="50.0" />
    <property name="user.country" value="US" />
    <property name="p2.publishonerror" value="false" />
    <property name="java.home" value="/usr/java/jdk1.6.0_21/jre" />
    <property name="java.vm.info" value="mixed mode" />
    <property name="ant.file" value="/home/kent/ws-ePNK/OntologyReastrictedNets/build.xml" />
    <property name="os.version" value="2.6.42.12-1.fc15.x86_64" />
    <property name="basenl" value="${nl}" />
    <property name="bundleId" value="OntologyReastrictedNets" />
    <property name="path.separator" value=":" />
    <property name="java.vm.version" value="17.0-b16" />
    <property name="javacVerbose" value="false" />
    <property name="ant.library.dir" value="/usr/share/ant/lib" />
    <property name="pluginTemp" value="/home/kent/ws-ePNK/OntologyReastrictedNets" />
    <property name="java.awt.printerjob" value="sun.print.PSPrinterJob" />
    <property name="sun.io.unicode.encoding" value="UnicodeLittle" />
    <property name="bundleJavacTarget" value="1.2" />
    <property name="bootclasspath" value="/usr/java/jdk1.6.0_21/jre/lib/alt-rt.jar:/usr/java/jdk1.6.0_21/jre/lib/charsets.jar:/usr/java/jdk1.6.0_21/jre/lib/deploy.jar:/usr/java/jdk1.6.0_21/jre/lib/javaws.jar:/usr/java/jdk1.6.0_21/jre/lib/jce.jar:/usr/java/jdk1.6.0_21/jre/lib/jsse.jar:/usr/java/jdk1.6.0_21/jre/lib/management-agent.jar:/usr/java/jdk1.6.0_21/jre/lib/plugin.jar:/usr/java/jdk1.6.0_21/jre/lib/resources.jar:/usr/java/jdk1.6.0_21/jre/lib/rt.jar" />
    <property name="plugin.destination" value="/home/kent/ws-ePNK/OntologyReastrictedNets" />
    <property name="user.home" value="/home/kent" />
    <property name="java.specification.vendor" value="Sun Microsystems Inc." />
    <property name="java.library.path" value="/usr/java/jdk1.6.0_21/jre/lib/amd64/server:/usr/java/jdk1.6.0_21/jre/lib/amd64:/usr/java/jdk1.6.0_21/jre/../lib/amd64::/usr/local/cuda/lib64:/usr/local/cuda/lib:/usr/local/cuda/lib64:/usr/local/cuda/lib:/usr/java/packages/lib/amd64:/usr/lib64:/lib64:/lib:/usr/lib" />
    <property name="java.vendor.url" value="http://java.sun.com/" />
    <property name="bundleVersion" value="1.0.0" />
    <property name="java.vm.vendor" value="Sun Microsystems Inc." />
    <property name="basearch" value="${arch}" />
    <property name="java.runtime.name" value="Java(TM) SE Runtime Environment" />
    <property name="java.class.path" value="/home/kent/ws-ePNK/OntologyReastrictedNets/@dot:/home/kent/ws-ePNK/OntologyReastrictedNets/sandbox:/home/kent/usr/eclipse/plugins/org.eclipse.core.runtime_3.6.0.v20100505.jar:/home/kent/usr/eclipse/plugins/org.eclipse.osgi_3.6.0.v20100517.jar:/home/kent/usr/eclipse/plugins/org.eclipse.equinox.common_3.6.0.v20100503.jar:/home/kent/usr/eclipse/plugins/org.eclipse.core.jobs_3.5.0.v20100515.jar:/home/kent/usr/eclipse/plugins/org.eclipse.core.runtime.compatibility.registry_3.3.0.v20100520/runtime_registry_compatibility.jar:/home/kent/usr/eclipse/plugins/org.eclipse.core.runtime.compatibility.registry_3.3.0.v20100520:/home/kent/usr/eclipse/plugins/org.eclipse.equinox.registry_3.5.0.v20100503.jar:/home/kent/usr/eclipse/plugins/org.eclipse.equinox.preferences_3.3.0.v20100503.jar:/home/kent/usr/eclipse/plugins/org.eclipse.core.contenttype_3.4.100.v20100505-1235.jar:/home/kent/usr/eclipse/plugins/org.eclipse.core.runtime.compatibility.auth_3.2.200.v20100517.jar:/home/kent/usr/eclipse/plugins/org.eclipse.equinox.app_1.3.0.v20100512.jar:/home/kent/usr/eclipse/plugins/org.eclipse.osgi.services_3.2.100.v20100503.jar:/home/kent/usr/eclipse/plugins/javax.servlet_2.5.0.v200910301333.jar:/home/kent/usr/eclipse/plugins/org.eclipse.emf.ecore_2.6.1.v20100914-1218.jar:/home/kent/usr/eclipse/plugins/org.eclipse.emf.common_2.6.0.v20100914-1218.jar:/home/kent/usr/eclipse/plugins/org.eclipse.core.resources_3.6.0.v20100526-0737.jar:/home/kent/usr/eclipse/plugins/org.eclipse.ant.core_3.2.200.v20100427.jar:/home/kent/usr/eclipse/plugins/org.eclipse.core.variables_3.2.400.v20100505.jar:/home/kent/usr/eclipse/plugins/org.eclipse.core.expressions_3.4.200.v20100505.jar:/home/kent/usr/eclipse/plugins/org.eclipse.core.filesystem_1.3.0.v20100526-0737.jar:/home/kent/usr/eclipse/plugins/org.eclipse.core.filesystem.linux.x86_64_1.2.0.v20100505-1235.jar:/home/kent/usr/eclipse/plugins/org.eclipse.emf.ecore.xmi_2.5.0.v20100521-1846.jar:/home/kent/usr/eclipse/plugins/org.pnml.tools.epnk.pntypes.hlpngs.datatypes_0.9.2.201106162130.jar:/home/kent/usr/eclipse/plugins/org.pnml.tools.epnk_0.9.2.201106162130.jar:/home/kent/usr/eclipse/plugins/org.eclipse.emf.validation_1.4.0.v20100428-2315.jar:/home/kent/usr/eclipse/plugins/com.ibm.icu_4.2.1.v20100412.jar:/home/kent/usr/eclipse/plugins/org.eclipse.emf.edit_2.6.0.v20100914-1218.jar:/home/kent/usr/eclipse/plugins/org.eclipse.emf.ecore.change_2.5.1.v20100907-1643.jar:/home/kent/usr/eclipse/plugins/org.eclipse.gmf.runtime.notation_1.4.0.v20100512-1416.jar:/home/kent/usr/eclipse/plugins/org.pnml.tools.epnk.pntypes.hlpng.pntd_0.9.2.201106162130.jar:/home/kent/usr/eclipse/plugins/org.pnml.tools.epnk.pntypes.hlpngs.datatypes.concretesyntax_0.9.0.201106162130.jar:/home/kent/usr/eclipse/plugins/org.apache.log4j_1.2.15.v201005080500.jar:/home/kent/usr/eclipse/plugins/org.eclipse.xtext.logging_1.2.15.jar:/home/kent/usr/eclipse/plugins/org.eclipse.xtext_1.0.2.v201102150722.jar:/home/kent/usr/eclipse/plugins/org.eclipse.xtext.util_1.0.2.v201102150722.jar:/home/kent/usr/eclipse/plugins/com.google.collect_0.8.0.v201102150722.jar:/home/kent/usr/eclipse/plugins/com.google.inject_2.0.0.v201003051000.jar:/home/kent/usr/eclipse/plugins/org.aopalliance_1.0.0.v200905130917.jar:/home/kent/usr/eclipse/plugins/org.antlr.runtime_3.0.0.v200803061811.jar:/home/kent/usr/eclipse/plugins/org.eclipse.emf.codegen_2.6.0.v20100914-1218.jar:/home/kent/usr/eclipse/plugins/org.eclipse.jdt.core_3.6.0.xx-20100811-1700-e36.jar:/home/kent/usr/eclipse/plugins/org.eclipse.jdt.compiler.apt_1.0.300.v20100513-0845.jar:/home/kent/usr/eclipse/plugins/org.eclipse.jdt.compiler.tool_1.0.100.v_A58.jar:/home/kent/usr/eclipse/plugins/org.eclipse.text_3.5.0.v20100601-1300.jar:/home/kent/usr/eclipse/plugins/org.eclipse.core.commands_3.6.0.I20100512-1500.jar:/home/kent/usr/eclipse/plugins/org.eclipse.team.core_3.5.100.I20100527-0800.jar:/home/kent/usr/eclipse/plugins/org.eclipse.jdt.launching_3.5.100.v20100526.jar:/home/kent/usr/eclipse/plugins/org.eclipse.debug.core_3.6.0.v20100519.jar:/home/kent/usr/eclipse/plugins/org.eclipse.jdt.debug_3.6.0.v20100526/jdi.jar:/home/kent/usr/eclipse/plugins/org.eclipse.jdt.debug_3.6.0.v20100526/jdimodel.jar:/home/kent/usr/eclipse/plugins/org.eclipse.emf.codegen.ecore_2.6.1.v20100914-1218.jar:/home/kent/usr/eclipse/plugins/org.eclipse.emf.mwe.core_1.0.2.v201102150556.jar:/home/kent/usr/eclipse/plugins/org.apache.commons.logging_1.1.1.v201101211721.jar:/home/kent/usr/eclipse/plugins/org.apache.ant_1.7.1.v20100518-1145/lib/ant.jar:/home/kent/usr/eclipse/plugins/org.apache.ant_1.7.1.v20100518-1145/lib/ant-antlr.jar:/home/kent/usr/eclipse/plugins/org.apache.ant_1.7.1.v20100518-1145/lib/ant-apache-bcel.jar:/home/kent/usr/eclipse/plugins/org.apache.ant_1.7.1.v20100518-1145/lib/ant-apache-bsf.jar:/home/kent/usr/eclipse/plugins/org.apache.ant_1.7.1.v20100518-1145/lib/ant-apache-log4j.jar:/home/kent/usr/eclipse/plugins/org.apache.ant_1.7.1.v20100518-1145/lib/ant-apache-oro.jar:/home/kent/usr/eclipse/plugins/org.apache.ant_1.7.1.v20100518-1145/lib/ant-apache-regexp.jar:/home/kent/usr/eclipse/plugins/org.apache.ant_1.7.1.v20100518-1145/lib/ant-apache-resolver.jar:/home/kent/usr/eclipse/plugins/org.apache.ant_1.7.1.v20100518-1145/lib/ant-commons-logging.jar:/home/kent/usr/eclipse/plugins/org.apache.ant_1.7.1.v20100518-1145/lib/ant-commons-net.jar:/home/kent/usr/eclipse/plugins/org.apache.ant_1.7.1.v20100518-1145/lib/ant-jai.jar:/home/kent/usr/eclipse/plugins/org.apache.ant_1.7.1.v20100518-1145/lib/ant-javamail.jar:/home/kent/usr/eclipse/plugins/org.apache.ant_1.7.1.v20100518-1145/lib/ant-jdepend.jar:/home/kent/usr/eclipse/plugins/org.apache.ant_1.7.1.v20100518-1145/lib/ant-jmf.jar:/home/kent/usr/eclipse/plugins/org.apache.ant_1.7.1.v20100518-1145/lib/ant-jsch.jar:/home/kent/usr/eclipse/plugins/org.apache.ant_1.7.1.v20100518-1145/lib/ant-junit.jar:/home/kent/usr/eclipse/plugins/org.apache.ant_1.7.1.v20100518-1145/lib/ant-launcher.jar:/home/kent/usr/eclipse/plugins/org.apache.ant_1.7.1.v20100518-1145/lib/ant-netrexx.jar:/home/kent/usr/eclipse/plugins/org.apache.ant_1.7.1.v20100518-1145/lib/ant-nodeps.jar:/home/kent/usr/eclipse/plugins/org.apache.ant_1.7.1.v20100518-1145/lib/ant-starteam.jar:/home/kent/usr/eclipse/plugins/org.apache.ant_1.7.1.v20100518-1145/lib/ant-stylebook.jar:/home/kent/usr/eclipse/plugins/org.apache.ant_1.7.1.v20100518-1145/lib/ant-swing.jar:/home/kent/usr/eclipse/plugins/org.apache.ant_1.7.1.v20100518-1145/lib/ant-trax.jar:/home/kent/usr/eclipse/plugins/org.apache.ant_1.7.1.v20100518-1145/lib/ant-weblogic.jar:/home/kent/usr/eclipse/plugins/org.eclipse.ant.optional.junit_3.2.200:/home/kent/usr/eclipse/plugins/org.eclipse.core.runtime.compatibility_3.2.100.v20100505.jar:/home/kent/usr/eclipse/plugins/org.eclipse.update.configurator_3.3.100.v20100512.jar:/home/kent/usr/eclipse/plugins/org.junit_4.8.1.v4_8_1_v20100427-1100/junit.jar:/home/kent/usr/eclipse/plugins/org.hamcrest.core_1.1.0.v20090501071000.jar:/home/kent/usr/eclipse/plugins/org.apache.commons.cli_1.2.0.v201105210650.jar:/home/kent/usr/eclipse/plugins/org.apache.commons.lang_2.4.0.v201005080502.jar:/home/kent/usr/eclipse/plugins/org.eclipse.emf.mwe2.runtime_1.0.2.v201102150556.jar:/home/kent/usr/eclipse/plugins/org.eclipse.emf.mwe.utils_1.0.2.v201102150556.jar:/home/kent/usr/eclipse/plugins/org.eclipse.xtend_1.0.1.v201008251147.jar:/home/kent/usr/eclipse/plugins/org.antlr.runtime_3.2.0.v201101311130.jar:/home/kent/usr/eclipse/plugins/org.eclipse.xtend.typesystem.emf_1.0.1.v201008251147.jar:/home/kent/usr/eclipse/plugins/org.eclipse.xtext.generator_1.0.2.v201102150722.jar:/home/kent/usr/eclipse/plugins/org.eclipse.xpand_1.0.1.v201008251147.jar:/home/kent/usr/eclipse/plugins/org.eclipse.xtext.common.types_1.0.2.v201102150722.jar:/home/kent/usr/eclipse/plugins/org.eclipse.emf.mwe2.launch_1.0.2.v201102151014.jar:/home/kent/usr/eclipse/plugins/org.eclipse.emf.mwe2.language_1.0.2.v201102151014.jar:/home/kent/usr/eclipse/plugins/org.eclipse.xtext.xtend_1.0.2.v201102150722.jar:/home/kent/usr/eclipse/plugins/org.eclipse.debug.ui_3.6.0.v20100601-1530.jar:/home/kent/usr/eclipse/plugins/org.eclipse.ui.forms_3.5.0.v20100427.jar:/home/kent/usr/eclipse/plugins/org.eclipse.jface_3.6.0.I20100601-0800.jar:/home/kent/usr/eclipse/plugins/org.eclipse.swt_3.6.0.v3650b.jar:/home/kent/usr/eclipse/plugins/org.eclipse.swt.gtk.linux.x86_64_3.6.0.v3650b.jar:/home/kent/usr/eclipse/plugins/org.eclipse.ui_3.6.0.I20100603-1100.jar:/home/kent/usr/eclipse/plugins/org.eclipse.ui.workbench_3.6.0.I20100603-1100.jar:/home/kent/usr/eclipse/plugins/org.eclipse.ui.workbench.compatibility_3.2.100.I20100511-0800/compatibility.jar:/home/kent/usr/eclipse/plugins/org.eclipse.ui.workbench.compatibility_3.2.100.I20100511-0800:/home/kent/usr/eclipse/plugins/org.eclipse.help_3.5.0.v20100524.jar:/home/kent/usr/eclipse/plugins/org.eclipse.jface.databinding_1.4.0.I20100601-0800.jar:/home/kent/usr/eclipse/plugins/org.eclipse.core.databinding.observable_1.3.0.I20100601-0800.jar:/home/kent/usr/eclipse/plugins/org.eclipse.core.databinding.property_1.3.0.I20100601-0800.jar:/home/kent/usr/eclipse/plugins/org.eclipse.core.databinding_1.3.100.I20100601-0800.jar:/home/kent/usr/eclipse/plugins/org.eclipse.ui.console_3.5.0.v20100526.jar:/home/kent/usr/eclipse/plugins/org.eclipse.jface.text_3.6.0.v20100526-0800.jar:/home/kent/usr/eclipse/plugins/org.eclipse.ui.workbench.texteditor_3.6.0.v20100520-0800.jar:/home/kent/usr/eclipse/plugins/org.eclipse.compare.core_3.5.100.I20100526-0800.jar:/home/kent/usr/eclipse/plugins/org.eclipse.ui.ide_3.6.0.I20100601-0800.jar:/home/kent/usr/eclipse/plugins/org.eclipse.ui.views_3.5.0.I20100527-0800.jar:/home/kent/usr/eclipse/plugins/org.eclipse.equinox.p2.engine_2.0.0.v20100606.jar:/home/kent/usr/eclipse/plugins/org.eclipse.equinox.p2.core_2.0.0.v20100510.jar:/home/kent/usr/eclipse/plugins/org.eclipse.equinox.p2.metadata_2.0.0.v20100601.jar:/home/kent/usr/eclipse/plugins/org.eclipse.equinox.p2.repository_2.0.0.v20100519.jar:/home/kent/usr/eclipse/plugins/org.eclipse.equinox.security_1.0.200.v20100503.jar:/home/kent/usr/eclipse/plugins/org.eclipse.ecf.filetransfer_4.0.0.v20100529-0735.jar:/home/kent/usr/eclipse/plugins/org.eclipse.ecf_3.1.0.v20100529-0735.jar:/home/kent/usr/eclipse/plugins/org.eclipse.ecf.ssl_1.0.0.v20100529-0735.jar:/home/kent/usr/eclipse/plugins/org.eclipse.equinox.concurrent_1.0.200.v20110502.jar:/home/kent/usr/eclipse/plugins/org.eclipse.ecf.identity_3.1.0.v20100529-0735.jar:/home/kent/usr/eclipse/plugins/org.eclipse.ecf.provider.filetransfer_3.1.0.v20100529-0735.jar:/home/kent/usr/eclipse/plugins/org.eclipse.ecf.provider.filetransfer.ssl_1.0.0.v20100529-0735.jar:/home/kent/usr/eclipse/plugins/org.eclipse.core.net_1.2.100.I20100511-0800.jar:/home/kent/usr/eclipse/plugins/org.eclipse.core.net.linux.x86_64_1.1.0.I20100505-1245.jar:/home/kent/usr/eclipse/plugins/org.eclipse.equinox.p2.metadata.repository_1.1.0.v20100513.jar:/home/kent/usr/eclipse/plugins/org.eclipse.ui.editors_3.6.0.v20100520-0800.jar:/home/kent/usr/eclipse/plugins/org.eclipse.core.filebuffers_3.5.100.v20100520-0800.jar:/home/kent/usr/eclipse/plugins/org.eclipse.jdt.debug.ui_3.5.0.v20100602-0830.jar:/home/kent/usr/eclipse/plugins/org.eclipse.jdt.ui_3.6.0.v20100602-1600.jar:/home/kent/usr/eclipse/plugins/org.eclipse.search_3.6.0.v20100520-0800.jar:/home/kent/usr/eclipse/plugins/org.eclipse.ltk.core.refactoring_3.5.100.v20100526-0800.jar:/home/kent/usr/eclipse/plugins/org.eclipse.ltk.ui.refactoring_3.5.0.v20100526-0800.jar:/home/kent/usr/eclipse/plugins/org.eclipse.ui.navigator_3.5.0.I20100601-0800.jar:/home/kent/usr/eclipse/plugins/org.eclipse.compare_3.5.100.I20100526-0800.jar:/home/kent/usr/eclipse/plugins/org.eclipse.team.ui_3.5.100.I20100527-0800.jar:/home/kent/usr/eclipse/plugins/org.eclipse.ui.navigator.resources_3.4.200.I20100601-0800.jar:/home/kent/usr/eclipse/plugins/org.eclipse.ui.views.properties.tabbed_3.5.100.I20100509-0800.jar:/home/kent/usr/eclipse/plugins/org.eclipse.jdt.core.manipulation_1.3.0.v20100520-0800.jar:/home/kent/usr/eclipse/plugins/org.eclipse.emf.validation.ocl_1.4.0.v20100224-1657.jar:/home/kent/usr/eclipse/plugins/org.eclipse.ocl_3.0.2.R30x_v201101110610.jar:/home/kent/usr/eclipse/plugins/lpg.runtime.java_2.0.17.v201004271640.jar:/home/kent/usr/eclipse/plugins/org.eclipse.ocl.ecore_3.0.2.R30x_v201101110610.jar:/home/kent/usr/eclipse/plugins/org.codehaus.groovy_1.7.3.xx-20100811-1700-e36/groovy-eclipse.jar:/home/kent/usr/eclipse/plugins/org.codehaus.groovy_1.7.3.xx-20100811-1700-e36/lib/asm-3.2.jar:/home/kent/usr/eclipse/plugins/org.codehaus.groovy_1.7.3.xx-20100811-1700-e36/lib/asm-tree-3.2.jar:/home/kent/usr/eclipse/plugins/org.codehaus.groovy_1.7.3.xx-20100811-1700-e36/lib/antlr-2.7.7.jar:/home/kent/usr/eclipse/plugins/org.codehaus.groovy_1.7.3.xx-20100811-1700-e36/lib/ivy-2.1.0.jar:/home/kent/usr/eclipse/plugins/org.codehaus.groovy_1.7.3.xx-20100811-1700-e36/lib/commons-cli-1.2.jar:/home/kent/usr/eclipse/plugins/org.codehaus.groovy_1.7.3.xx-20100811-1700-e36/lib/bsf-2.4.0.jar:/home/kent/usr/eclipse/plugins/org.codehaus.groovy_1.7.3.xx-20100811-1700-e36/lib/groovy-1.7.3.jar:/home/kent/usr/eclipse/plugins/org.eclipse.equinox.p2.metadata.generator_1.0.200.v20100503a.jar:/home/kent/usr/eclipse/plugins/org.eclipse.equinox.frameworkadmin_2.0.0.v20100503.jar:/home/kent/usr/eclipse/plugins/org.eclipse.equinox.frameworkadmin.equinox_1.0.200.v20100505.jar:/home/kent/usr/eclipse/plugins/org.eclipse.equinox.p2.artifact.repository_1.1.0.v20100513.jar:/home/kent/usr/eclipse/plugins/org.eclipse.equinox.p2.jarprocessor_1.0.200.v20100503a.jar:/home/kent/usr/eclipse/plugins/org.eclipse.equinox.simpleconfigurator.manipulator_2.0.0.v20100503.jar:/home/kent/usr/eclipse/plugins/org.eclipse.equinox.simpleconfigurator_1.0.200.v20100503.jar:/home/kent/src/accessCPN/trunk/org.cpntools.accesscpn.cosimulation/bin:/home/kent/src/accessCPN/trunk/org.cpntools.accesscpn.cosimulation/@dot:/home/kent/src/accessCPN/trunk/org.cpntools.accesscpn.engine.highlevel/bin:/home/kent/src/accessCPN/trunk/org.cpntools.accesscpn.engine/bin:/home/kent/src/accessCPN/trunk/org.cpntools.accesscpn.model/bin:/home/kent/src/accessCPN/trunk/org.cpntools.accesscpn.engine.proxy/bin:/home/kent/src/accessCPN/trunk/org.cpntools.accesscpn.model.exporter/bin:/home/kent/src/accessCPN/trunk/org.cpntools.accesscpn.model.exporter/lib/collections-generic-4.01.jar:/home/kent/src/accessCPN/trunk/org.cpntools.accesscpn.model.exporter/lib/colt-1.2.0.jar:/home/kent/src/accessCPN/trunk/org.cpntools.accesscpn.model.exporter/lib/jung-algorithms-2.0.1.jar:/home/kent/src/accessCPN/trunk/org.cpntools.accesscpn.model.exporter/lib/jung-api-2.0.1.jar:/home/kent/src/accessCPN/trunk/org.cpntools.accesscpn.model.exporter/lib/jung-graph-impl-2.0.1.jar:/home/kent/src/accessCPN/trunk/org.cpntools.accesscpn.model.importer/bin:/home/kent/ws-ePNK/OntologyReastrictedNets/lib/owlapi-bin.jar:/home/kent/ws-ePNK/OntologyReastrictedNets/lib/HermiT.jar:/home/kent/ws-ePNK/OntologyReastrictedNets/lib/pellet/aterm-java-1.6.jar:/home/kent/ws-ePNK/OntologyReastrictedNets/lib/pellet/pellet-cli.jar:/home/kent/ws-ePNK/OntologyReastrictedNets/lib/pellet/pellet-core.jar:/home/kent/ws-ePNK/OntologyReastrictedNets/lib/pellet/pellet-datatypes.jar:/home/kent/ws-ePNK/OntologyReastrictedNets/lib/pellet/pellet-dig.jar:/home/kent/ws-ePNK/OntologyReastrictedNets/lib/pellet/pellet-el.jar:/home/kent/ws-ePNK/OntologyReastrictedNets/lib/pellet/pellet-explanation.jar:/home/kent/ws-ePNK/OntologyReastrictedNets/lib/pellet/pellet-jena.jar:/home/kent/ws-ePNK/OntologyReastrictedNets/lib/pellet/pellet-modularity.jar:/home/kent/ws-ePNK/OntologyReastrictedNets/lib/pellet/pellet-owlapi.jar:/home/kent/ws-ePNK/OntologyReastrictedNets/lib/pellet/pellet-owlapiv3.jar:/home/kent/ws-ePNK/OntologyReastrictedNets/lib/pellet/pellet-pellint.jar:/home/kent/ws-ePNK/OntologyReastrictedNets/lib/pellet/pellet-query.jar:/home/kent/ws-ePNK/OntologyReastrictedNets/lib/pellet/pellet-rules.jar:/home/kent/ws-ePNK/OntologyReastrictedNets/lib/pellet/pellet-test.jar:/home/kent/ws-ePNK/OntologyReastrictedNets/lib:/home/kent/ws-ePNK/OntologyReastrictedNets/buildlib/groovy-all-1.8.6.jar:/usr/share/java/junit4-4.8.2.jar:/usr/share/java/ant-launcher.jar:/usr/share/java/ant.jar:/usr/share/java/ant/ant-junit.jar" />
    <property name="ant.version" value="Apache Ant(TM) version 1.8.2 compiled on November 21 2011" />
    <property name="javacTarget" value="1.2" />
    <property name="java.vm.specification.name" value="Java Virtual Machine Specification" />
    <property name="ant.file.type" value="file" />
    <property name="java.vm.specification.version" value="1.0" />
    <property name="sun.cpu.endian" value="little" />
    <property name="sun.os.patch.level" value="unknown" />
    <property name="ant.file.type.OntologyReastrictedNets" value="file" />
    <property name="java.io.tmpdir" value="/tmp" />
    <property name="java.vendor.url.bug" value="http://java.sun.com/cgi-bin/bugreport.cgi" />
    <property name="java.awt.graphicsenv" value="sun.awt.X11GraphicsEnvironment" />
    <property name="os.arch" value="amd64" />
    <property name="java.ext.dirs" value="/usr/java/jdk1.6.0_21/jre/lib/ext:/usr/java/packages/lib/ext" />
    <property name="user.dir" value="/home/kent/ws-ePNK/OntologyReastrictedNets" />
    <property name="dir_bootclasspath" value="/usr/java/jdk1.6.0_21/jre/lib" />
    <property name="line.separator" value="
" />
    <property name="java.vm.name" value="Java HotSpot(TM) 64-Bit Server VM" />
    <property name="basedir" value="/home/kent/ws-ePNK/OntologyReastrictedNets" />
    <property name="bundleJavacSource" value="1.3" />
    <property name="p2.build.repo" value="file:${buildDirectory}/buildRepo" />
    <property name="ant.java.version" value="1.6" />
    <property name="ant.core.lib" value="/usr/share/java/ant.jar" />
    <property name="javacDebugInfo" value="on" />
    <property name="basews" value="${ws}" />
    <property name="file.encoding" value="UTF-8" />
    <property name="build.result.folder" value="/home/kent/ws-ePNK/OntologyReastrictedNets" />
    <property name="logExtension" value=".log" />
    <property name="java.specification.version" value="1.6" />
    <property name="ant.project.invoked-targets" value="test" />
  </properties>
  <testcase classname="org.k1s.orn.templates.LogoGenerationTest" name="testFindExternal" time="0.834" />
  <testcase classname="org.k1s.orn.templates.LogoGenerationTest" name="testGenerateLogoNet" time="0.419" />
  <testcase classname="org.k1s.orn.templates.LogoGenerationTest" name="testGenerateLogoNetWithRepeat" time="0.1" />
  <system-out><![CDATA[PRAGDEF: External()
PRAGDEF: pd()
PRAGDEF: fd(10)
External()
PRAGDEF: External()
PRAGDEF: pd()
PRAGDEF: fd(10)
PRAGDEF: External()
PRAGDEF: repeat(2)
PRAGDEF: pd()
PRAGDEF: fd(10)
searching for orn.impl.PlaceImpl@66da9ea4 (id: null)
searching for orn.impl.PlaceImpl@66da9ea4 (id: null) in Testpage
checking orn.impl.TransitionImpl@38a1aa85 (id: null)
checking orn.impl.PageImpl@7dc21ece (id: null)
checking orn.impl.PlaceImpl@66da9ea4 (id: null)
returning  page2
checking orn.impl.TransitionImpl@5374a6e2 (id: null)
checking org.pnml.tools.epnk.pnmlcoremodel.impl.ArcImpl@f786a3c (id: null)
checking org.pnml.tools.epnk.pnmlcoremodel.impl.ArcImpl@2a869113 (id: null)
retval: page2
got page2 from orn.impl.PageImpl@7dc21ece (id: null)
retval: page2
found page2
found page page2
]]></system-out>
  <system-err><![CDATA[]]></system-err>
</testsuite>
